<?xml version="1.0" encoding="UTF-8" ?>
<testsuites disabled="0" errors="0" failures="4" tests="111" time="239.72">
 <testsuite name="A new user should able to register" timestamp="2018-09-10T16:21:44" hostname="localhost" time="12.199" errors="0" tests="9" skipped="0" disabled="0" failures="1">
  <testcase classname="A new user should able to register" name="should navigate to the login page" time="1.611" />
  <testcase classname="A new user should able to register" name="allow user to click the register button" time="0.087" />
  <testcase classname="A new user should able to register" name="allow associate to enter a username" time="0.183" />
  <testcase classname="A new user should able to register" name="allow associate to enter a valid password" time="0.153" />
  <testcase classname="A new user should able to register" name="allow associate to re-enter a valid password" time="0.109" />
  <testcase classname="A new user should able to register" name="should allow associate to enter first name" time="0.09" />
  <testcase classname="A new user should able to register" name="should allow associate to enter last name" time="0.095" />
  <testcase classname="A new user should able to register" name="show allow associate to pick a role" time="0.071" />
  <testcase classname="A new user should able to register" name="should allow the user to register as an associate" time="8.616">
   <failure type="toContain" message="Expected &apos;Error: New Associate is not created!&apos; to contain &apos;Associate account creation successful.&apos;."><![CDATA[Error: Failed expectation
    at UserContext.<anonymous> (/Users/jacobgolding/Desktop/project_3/trackforce/NGTrackForce/e2e/register-associate/register-associate.e2e-spec.ts:69:63)
    at /usr/local/lib/node_modules/protractor/node_modules/jasminewd2/index.js:112:25
    at new ManagedPromise (/usr/local/lib/node_modules/protractor/node_modules/selenium-webdriver/lib/promise.js:1077:7)
    at ControlFlow.promise (/usr/local/lib/node_modules/protractor/node_modules/selenium-webdriver/lib/promise.js:2505:12)
    at schedulerExecute (/usr/local/lib/node_modules/protractor/node_modules/jasminewd2/index.js:95:18)
    at TaskQueue.execute_ (/usr/local/lib/node_modules/protractor/node_modules/selenium-webdriver/lib/promise.js:3084:14)
    at TaskQueue.executeNext_ (/usr/local/lib/node_modules/protractor/node_modules/selenium-webdriver/lib/promise.js:3067:27)
    at asyncRun (/usr/local/lib/node_modules/protractor/node_modules/selenium-webdriver/lib/promise.js:2974:25)
    at /usr/local/lib/node_modules/protractor/node_modules/selenium-webdriver/lib/promise.js:668:7]]>
   </failure>
  </testcase>
 </testsuite>
 <testsuite name="A new user should not be able to register with a short username" timestamp="2018-09-10T16:21:56" hostname="localhost" time="3.362" errors="0" tests="2" skipped="0" disabled="0" failures="0">
  <testcase classname="A new user should not be able to register with a short username" name="allow associate to enter an invalid username" time="0.085" />
  <testcase classname="A new user should not be able to register with a short username" name="should not allow the user to register with an invalid username" time="0.102" />
 </testsuite>
 <testsuite name="A new user should not be able to register with a weak password" timestamp="2018-09-10T16:21:59" hostname="localhost" time="3.842" errors="0" tests="3" skipped="0" disabled="0" failures="0">
  <testcase classname="A new user should not be able to register with a weak password" name="allow associate to enter an invalid password" time="0.093" />
  <testcase classname="A new user should not be able to register with a weak password" name="allow associate to re-enter an invalid password" time="0.099" />
  <testcase classname="A new user should not be able to register with a weak password" name="should not allow the user to register with an invalid password" time="0.114" />
 </testsuite>
 <testsuite name="A new user should not be able to register with a mismatched paswords" timestamp="2018-09-10T16:22:03" hostname="localhost" time="3.911" errors="0" tests="2" skipped="0" disabled="0" failures="0">
  <testcase classname="A new user should not be able to register with a mismatched paswords" name="allow associate to enter an different password" time="0.129" />
  <testcase classname="A new user should not be able to register with a mismatched paswords" name="should not allow the user to register with an invalid username" time="0.111" />
 </testsuite>
 <testsuite name="A new user should not be able to register with a mismatched paswords" timestamp="2018-09-10T16:22:07" hostname="localhost" time="3.667" errors="0" tests="1" skipped="0" disabled="0" failures="0">
  <testcase classname="A new user should not be able to register with a mismatched paswords" name="should not allow the user to register without selecting a role " time="0.099" />
 </testsuite>
 <testsuite name="login page element existences" timestamp="2018-09-10T16:22:11" hostname="localhost" time="1.706" errors="0" tests="6" skipped="0" disabled="0" failures="0">
  <testcase classname="login page element existences" name="should have a username input box" time="0.002" />
  <testcase classname="login page element existences" name="should have a password input box" time="0.001" />
  <testcase classname="login page element existences" name="should have a login button" time="0.001" />
  <testcase classname="login page element existences" name="should display proper placeholder: Username" time="0.032" />
  <testcase classname="login page element existences" name="should display proper placeholder: Password" time="0.047" />
  <testcase classname="login page element existences" name="should display proper value for button" time="0.043" />
 </testsuite>
 <testsuite name="Confirm login failures" timestamp="2018-09-10T16:22:12" hostname="localhost" time="2.022" errors="0" tests="2" skipped="0" disabled="0" failures="0">
  <testcase classname="Confirm login failures" name="should fail to log in when nothing is entered" time="0.117" />
  <testcase classname="Confirm login failures" name="should fail to login when incorrect credentials are entered" time="0.348" />
 </testsuite>
 <testsuite name="Login in  with proper credentials" timestamp="2018-09-10T16:22:14" hostname="localhost" time="11.118" errors="0" tests="5" skipped="0" disabled="0" failures="1">
  <testcase classname="Login in  with proper credentials" name="should be able to login in with admin credentials and reach the admin page" time="1.86" />
  <testcase classname="Login in  with proper credentials" name="should be able to login in with associate credentials and reach the associate page" time="3.02" />
  <testcase classname="Login in  with proper credentials" name="should be able to login in with Manager credentials and reach the Admin page" time="1.412" />
  <testcase classname="Login in  with proper credentials" name="should be able to login in with Trainer credentials and reach the Trainer page" time="1.889">
   <failure type="toEqual" message="Expected &apos;http://localhost:4200/#/login&apos; to equal &apos;http://localhost:4200/#/trainer-view&apos;."><![CDATA[Error: Failed expectation
    at UserContext.<anonymous> (/Users/jacobgolding/Desktop/project_3/trackforce/NGTrackForce/e2e/login/login.e2e-spec.ts:106:34)
    at /usr/local/lib/node_modules/protractor/node_modules/jasminewd2/index.js:112:25
    at new ManagedPromise (/usr/local/lib/node_modules/protractor/node_modules/selenium-webdriver/lib/promise.js:1077:7)
    at ControlFlow.promise (/usr/local/lib/node_modules/protractor/node_modules/selenium-webdriver/lib/promise.js:2505:12)
    at schedulerExecute (/usr/local/lib/node_modules/protractor/node_modules/jasminewd2/index.js:95:18)
    at TaskQueue.execute_ (/usr/local/lib/node_modules/protractor/node_modules/selenium-webdriver/lib/promise.js:3084:14)
    at TaskQueue.executeNext_ (/usr/local/lib/node_modules/protractor/node_modules/selenium-webdriver/lib/promise.js:3067:27)
    at asyncRun (/usr/local/lib/node_modules/protractor/node_modules/selenium-webdriver/lib/promise.js:2974:25)
    at /usr/local/lib/node_modules/protractor/node_modules/selenium-webdriver/lib/promise.js:668:7]]>
   </failure>
  </testcase>
  <testcase classname="Login in  with proper credentials" name="should be able to login in with Sales Team credentials and reach the Admin page" time="1.41" />
 </testsuite>
 <testsuite name="The admin navbar is functional" timestamp="2018-09-10T16:22:25" hostname="localhost" time="31.089" errors="0" tests="8" skipped="0" disabled="0" failures="0">
  <testcase classname="The admin navbar is functional" name="should navigate to home page" time="0.625" />
  <testcase classname="The admin navbar is functional" name="should navigate to client list page" time="4.094" />
  <testcase classname="The admin navbar is functional" name="should navigate to batch list page" time="6.513" />
  <testcase classname="The admin navbar is functional" name="should navigate to associate lising" time="9.517" />
  <testcase classname="The admin navbar is functional" name="should navigate to predictions" time="8.136" />
  <testcase classname="The admin navbar is functional" name="should navigate to create user" time="0.137" />
  <testcase classname="The admin navbar is functional" name="should navigate to salesforce" time="0.072" />
  <testcase classname="The admin navbar is functional" name="should be able to logout" time="0.144" />
 </testsuite>
 <testsuite name="The Asscoiate navbar is functional" timestamp="2018-09-10T16:22:56" hostname="localhost" time="8.5" errors="0" tests="3" skipped="0" disabled="0" failures="1">
  <testcase classname="The Asscoiate navbar is functional" name="should navigate to home page" time="2.957" />
  <testcase classname="The Asscoiate navbar is functional" name="should navigate to My Interviews" time="4.103">
   <failure type="toEqual" message="Expected &apos;http://localhost:4200/#/associate-view&apos; to equal &apos;http://localhost:4200/#/myinterview-view&apos;."><![CDATA[Error: Failed expectation
    at UserContext.<anonymous> (/Users/jacobgolding/Desktop/project_3/trackforce/NGTrackForce/e2e/navbar/navbar.e2e-spec.ts:84:40)
    at /usr/local/lib/node_modules/protractor/node_modules/jasminewd2/index.js:112:25
    at new ManagedPromise (/usr/local/lib/node_modules/protractor/node_modules/selenium-webdriver/lib/promise.js:1077:7)
    at ControlFlow.promise (/usr/local/lib/node_modules/protractor/node_modules/selenium-webdriver/lib/promise.js:2505:12)
    at schedulerExecute (/usr/local/lib/node_modules/protractor/node_modules/jasminewd2/index.js:95:18)
    at TaskQueue.execute_ (/usr/local/lib/node_modules/protractor/node_modules/selenium-webdriver/lib/promise.js:3084:14)
    at TaskQueue.executeNext_ (/usr/local/lib/node_modules/protractor/node_modules/selenium-webdriver/lib/promise.js:3067:27)
    at asyncRun (/usr/local/lib/node_modules/protractor/node_modules/selenium-webdriver/lib/promise.js:2974:25)
    at /usr/local/lib/node_modules/protractor/node_modules/selenium-webdriver/lib/promise.js:668:7]]>
   </failure>
  </testcase>
  <testcase classname="The Asscoiate navbar is functional" name="should be able to logout" time="0.127" />
 </testsuite>
 <testsuite name="The Staging Manager navbar is functional" timestamp="2018-09-10T16:23:05" hostname="localhost" time="32.077" errors="0" tests="7" skipped="0" disabled="0" failures="0">
  <testcase classname="The Staging Manager navbar is functional" name="should navigate to home page" time="0.718" />
  <testcase classname="The Staging Manager navbar is functional" name="should navigate to client list page" time="4.286" />
  <testcase classname="The Staging Manager navbar is functional" name="should navigate to batch list page" time="7.06" />
  <testcase classname="The Staging Manager navbar is functional" name="should navigate to associate lising" time="9.809" />
  <testcase classname="The Staging Manager navbar is functional" name="should navigate to predictions" time="8.738" />
  <testcase classname="The Staging Manager navbar is functional" name="should navigate to create user" time="0.137" />
  <testcase classname="The Staging Manager navbar is functional" name="should be able to logout" time="0.135" />
 </testsuite>
 <testsuite name="The Trainer navbar is functional" timestamp="2018-09-10T16:23:37" hostname="localhost" time="12.649" errors="0" tests="4" skipped="0" disabled="0" failures="1">
  <testcase classname="The Trainer navbar is functional" name="should navigate to home page" time="0.167">
   <failure type="exception" message="Failed: No element found using locator: By(css selector, *[id=&quot;home&quot;])"><![CDATA[NoSuchElementError: No element found using locator: By(css selector, *[id="home"])
    at elementArrayFinder.getWebElements.then (/usr/local/lib/node_modules/protractor/built/element.js:814:27)
    at ManagedPromise.invokeCallback_ (/usr/local/lib/node_modules/protractor/node_modules/selenium-webdriver/lib/promise.js:1376:14)
    at TaskQueue.execute_ (/usr/local/lib/node_modules/protractor/node_modules/selenium-webdriver/lib/promise.js:3084:14)
    at TaskQueue.executeNext_ (/usr/local/lib/node_modules/protractor/node_modules/selenium-webdriver/lib/promise.js:3067:27)
    at asyncRun (/usr/local/lib/node_modules/protractor/node_modules/selenium-webdriver/lib/promise.js:2927:27)
    at /usr/local/lib/node_modules/protractor/node_modules/selenium-webdriver/lib/promise.js:668:7
    at process._tickCallback (internal/process/next_tick.js:68:7)Error
    at ElementArrayFinder.applyAction_ (/usr/local/lib/node_modules/protractor/built/element.js:459:27)
    at ElementArrayFinder.(anonymous function).args [as click] (/usr/local/lib/node_modules/protractor/built/element.js:91:29)
    at ElementFinder.(anonymous function).args [as click] (/usr/local/lib/node_modules/protractor/built/element.js:831:22)
    at Navbar.goToTrainerHome (/Users/jacobgolding/Desktop/project_3/trackforce/NGTrackForce/e2e/navbar/navbar.po.ts:17:30)
    at UserContext.<anonymous> (/Users/jacobgolding/Desktop/project_3/trackforce/NGTrackForce/e2e/navbar/navbar.e2e-spec.ts:157:16)
    at /usr/local/lib/node_modules/protractor/node_modules/jasminewd2/index.js:112:25
    at new ManagedPromise (/usr/local/lib/node_modules/protractor/node_modules/selenium-webdriver/lib/promise.js:1077:7)
    at ControlFlow.promise (/usr/local/lib/node_modules/protractor/node_modules/selenium-webdriver/lib/promise.js:2505:12)
    at schedulerExecute (/usr/local/lib/node_modules/protractor/node_modules/jasminewd2/index.js:95:18)
    at TaskQueue.execute_ (/usr/local/lib/node_modules/protractor/node_modules/selenium-webdriver/lib/promise.js:3084:14)
From: Task: Run it("should navigate to home page") in control flow
    at UserContext.<anonymous> (/usr/local/lib/node_modules/protractor/node_modules/jasminewd2/index.js:94:19)
    at attempt (/usr/local/lib/node_modules/protractor/node_modules/jasmine-core/lib/jasmine-core/jasmine.js:4297:26)
    at QueueRunner.run (/usr/local/lib/node_modules/protractor/node_modules/jasmine-core/lib/jasmine-core/jasmine.js:4217:20)
    at QueueRunner.execute (/usr/local/lib/node_modules/protractor/node_modules/jasmine-core/lib/jasmine-core/jasmine.js:4199:10)
    at Spec.queueRunnerFactory (/usr/local/lib/node_modules/protractor/node_modules/jasmine-core/lib/jasmine-core/jasmine.js:909:35)
    at Spec.execute (/usr/local/lib/node_modules/protractor/node_modules/jasmine-core/lib/jasmine-core/jasmine.js:526:10)
    at UserContext.fn (/usr/local/lib/node_modules/protractor/node_modules/jasmine-core/lib/jasmine-core/jasmine.js:5340:37)
    at attempt (/usr/local/lib/node_modules/protractor/node_modules/jasmine-core/lib/jasmine-core/jasmine.js:4297:26)
    at QueueRunner.run (/usr/local/lib/node_modules/protractor/node_modules/jasmine-core/lib/jasmine-core/jasmine.js:4217:20)
    at runNext (/usr/local/lib/node_modules/protractor/node_modules/jasmine-core/lib/jasmine-core/jasmine.js:4257:20)
From asynchronous test: 
Error
    at Suite.<anonymous> (/Users/jacobgolding/Desktop/project_3/trackforce/NGTrackForce/e2e/navbar/navbar.e2e-spec.ts:156:5)
    at addSpecsToSuite (/usr/local/lib/node_modules/protractor/node_modules/jasmine-core/lib/jasmine-core/jasmine.js:1107:25)
    at Env.describe (/usr/local/lib/node_modules/protractor/node_modules/jasmine-core/lib/jasmine-core/jasmine.js:1074:7)
    at describe (/usr/local/lib/node_modules/protractor/node_modules/jasmine-core/lib/jasmine-core/jasmine.js:4399:18)
    at Object.<anonymous> (/Users/jacobgolding/Desktop/project_3/trackforce/NGTrackForce/e2e/navbar/navbar.e2e-spec.ts:145:1)
    at Module._compile (internal/modules/cjs/loader.js:689:30)
    at Module.m._compile (/Users/jacobgolding/Desktop/project_3/trackforce/NGTrackForce/node_modules/ts-node/src/index.ts:422:23)
    at Module._extensions..js (internal/modules/cjs/loader.js:700:10)
    at Object.require.extensions.(anonymous function) [as .ts] (/Users/jacobgolding/Desktop/project_3/trackforce/NGTrackForce/node_modules/ts-node/src/index.ts:425:12)]]>
   </failure>
  </testcase>
  <testcase classname="The Trainer navbar is functional" name="should navigate to batch list page" time="1.648" />
  <testcase classname="The Trainer navbar is functional" name="should navigate to associate lising" time="9.216" />
  <testcase classname="The Trainer navbar is functional" name="should be able to logout" time="0.283" />
 </testsuite>
 <testsuite name="The Delivery/Sales navbar is functional" timestamp="2018-09-10T16:23:50" hostname="localhost" time="32.231" errors="0" tests="7" skipped="0" disabled="0" failures="0">
  <testcase classname="The Delivery/Sales navbar is functional" name="should navigate to home page" time="0.719" />
  <testcase classname="The Delivery/Sales navbar is functional" name="should navigate to client list page" time="4.432" />
  <testcase classname="The Delivery/Sales navbar is functional" name="should navigate to batch list page" time="6.672" />
  <testcase classname="The Delivery/Sales navbar is functional" name="should navigate to associate lising" time="9.715" />
  <testcase classname="The Delivery/Sales navbar is functional" name="should navigate to predictions" time="9.054" />
  <testcase classname="The Delivery/Sales navbar is functional" name="should navigate to create user" time="0.14" />
  <testcase classname="The Delivery/Sales navbar is functional" name="should be able to logout" time="0.118" />
 </testsuite>
 <testsuite name="The create-user page " timestamp="2018-09-10T16:24:22" hostname="localhost" time="3.094" errors="0" tests="8" skipped="0" disabled="0" failures="0">
  <testcase classname="The create-user page " name="should accept username input" time="0.501" />
  <testcase classname="The create-user page " name="should accept password input" time="0.117" />
  <testcase classname="The create-user page " name="should accept password confirmation input" time="0.104" />
  <testcase classname="The create-user page " name="should select admin radio button" time="0.108" />
  <testcase classname="The create-user page " name="should select trainer radio button" time="0.089" />
  <testcase classname="The create-user page " name="should select associate radio button" time="0.083" />
  <testcase classname="The create-user page " name="should select staging manager radio button" time="0.076" />
  <testcase classname="The create-user page " name="should select delivery radio button" time="0.076" />
 </testsuite>
 <testsuite name="An Admin" timestamp="2018-09-10T16:24:25" hostname="localhost" time="11.933" errors="0" tests="5" skipped="4" disabled="0" failures="0">
  <testcase classname="An Admin" name="should be able to create an admin" time="0.001">
   <skipped message="Temporarily disabled with xit" />
  </testcase>
  <testcase classname="An Admin" name="should be able to create a trainer" time="9.909" />
  <testcase classname="An Admin" name="should be able to create a associate" time="0">
   <skipped message="Temporarily disabled with xit" />
  </testcase>
  <testcase classname="An Admin" name="should be able to create a staging manager" time="0">
   <skipped message="Temporarily disabled with xit" />
  </testcase>
  <testcase classname="An Admin" name="should be able to create a delivery " time="0">
   <skipped message="Temporarily disabled with xit" />
  </testcase>
 </testsuite>
 <testsuite name="A Staging Manager" timestamp="2018-09-10T16:24:37" hostname="localhost" time="11.789" errors="0" tests="4" skipped="3" disabled="0" failures="0">
  <testcase classname="A Staging Manager" name="should be able to create a trainer" time="9.888" />
  <testcase classname="A Staging Manager" name="should be able to create a associate" time="0">
   <skipped message="Temporarily disabled with xit" />
  </testcase>
  <testcase classname="A Staging Manager" name="should be able to create a staging manager" time="0.002">
   <skipped message="Temporarily disabled with xit" />
  </testcase>
  <testcase classname="A Staging Manager" name="should be able to create a delivery " time="0">
   <skipped message="Temporarily disabled with xit" />
  </testcase>
 </testsuite>
 <testsuite name="A Staging Manager" timestamp="2018-09-10T16:24:49" hostname="localhost" time="12.133" errors="0" tests="4" skipped="3" disabled="0" failures="0">
  <testcase classname="A Staging Manager" name="should be able to create a trainer" time="10.184" />
  <testcase classname="A Staging Manager" name="should be able to create a associate" time="0">
   <skipped message="Temporarily disabled with xit" />
  </testcase>
  <testcase classname="A Staging Manager" name="should be able to create a staging manager" time="0">
   <skipped message="Temporarily disabled with xit" />
  </testcase>
  <testcase classname="A Staging Manager" name="should be able to create a delivery " time="0">
   <skipped message="Temporarily disabled with xit" />
  </testcase>
 </testsuite>
 <testsuite name="A user" timestamp="2018-09-10T16:25:01" hostname="localhost" time="5.177" errors="0" tests="3" skipped="0" disabled="0" failures="0">
  <testcase classname="A user" name="should get an error if they use a sympol in their username" time="0.859" />
  <testcase classname="A user" name="should get an error if they enter in an invalid password in the first password box" time="1.043" />
  <testcase classname="A user" name="should get an error if they enter two different passwords" time="1.222" />
 </testsuite>
 <testsuite name="When an admin navigates to the client-list page it" timestamp="2018-09-10T16:25:06" hostname="localhost" time="9.754" errors="0" tests="9" skipped="0" disabled="0" failures="0">
  <testcase classname="When an admin navigates to the client-list page it" name="should navigate to the client-list page" time="4.581" />
  <testcase classname="When an admin navigates to the client-list page it" name="should accept username input" time="0.15" />
  <testcase classname="When an admin navigates to the client-list page it" name="should yield match for search input in one exists" time="0.031" />
  <testcase classname="When an admin navigates to the client-list page it" name="should yield a match for a search regardless of case" time="0.179" />
  <testcase classname="When an admin navigates to the client-list page it" name="should be able to click a searched for client" time="0.301" />
  <testcase classname="When an admin navigates to the client-list page it" name="should be able to click View Data for all Clients" time="1.086" />
  <testcase classname="When an admin navigates to the client-list page it" name="should yield a match for a search string with spaces" time="1.008" />
  <testcase classname="When an admin navigates to the client-list page it" name="should yield a match for search input if many results exist" time="0.196" />
  <testcase classname="When an admin navigates to the client-list page it" name="should yield no matches if none exist" time="0.158" />
 </testsuite>
 <testsuite name="When an Staging Manager navigates to the client-list page it" timestamp="2018-09-10T16:25:16" hostname="localhost" time="8.983" errors="0" tests="9" skipped="0" disabled="0" failures="0">
  <testcase classname="When an Staging Manager navigates to the client-list page it" name="should navigate to the client-list page" time="3.633" />
  <testcase classname="When an Staging Manager navigates to the client-list page it" name="should accept username input" time="0.197" />
  <testcase classname="When an Staging Manager navigates to the client-list page it" name="should yield match for search input if one exists" time="0.038" />
  <testcase classname="When an Staging Manager navigates to the client-list page it" name="should yield a match for a search regardless of case" time="0.213" />
  <testcase classname="When an Staging Manager navigates to the client-list page it" name="should be able to click a searched for client" time="0.231" />
  <testcase classname="When an Staging Manager navigates to the client-list page it" name="should be able to click View Data for all Clients" time="1.271" />
  <testcase classname="When an Staging Manager navigates to the client-list page it" name="should yield a match for a search string with spaces" time="1.018" />
  <testcase classname="When an Staging Manager navigates to the client-list page it" name="should yield a match for search input if many results exist" time="0.206" />
  <testcase classname="When an Staging Manager navigates to the client-list page it" name="should yield no matches if none exist" time="0.155" />
 </testsuite>
 <testsuite name="When an Delivery/Sales navigates to the client-list page it" timestamp="2018-09-10T16:25:25" hostname="localhost" time="8.87" errors="0" tests="9" skipped="0" disabled="0" failures="0">
  <testcase classname="When an Delivery/Sales navigates to the client-list page it" name="should navigate to the client-list page" time="3.764" />
  <testcase classname="When an Delivery/Sales navigates to the client-list page it" name="should accept username input" time="0.137" />
  <testcase classname="When an Delivery/Sales navigates to the client-list page it" name="should yield match for search input in one exists" time="0.026" />
  <testcase classname="When an Delivery/Sales navigates to the client-list page it" name="should yield a match for a search regardless of case" time="0.181" />
  <testcase classname="When an Delivery/Sales navigates to the client-list page it" name="should be able to click a searched for client" time="0.297" />
  <testcase classname="When an Delivery/Sales navigates to the client-list page it" name="should be able to click View Data for all Clients" time="1.105" />
  <testcase classname="When an Delivery/Sales navigates to the client-list page it" name="should yield a match for a search string with spaces" time="1.049" />
  <testcase classname="When an Delivery/Sales navigates to the client-list page it" name="should yield a match for search input if many results exist" time="0.2" />
  <testcase classname="When an Delivery/Sales navigates to the client-list page it" name="should yield no matches if none exist" time="0.191" />
 </testsuite>
 <testsuite name="the bactch-list " timestamp="2018-09-10T16:25:34" hostname="localhost" time="9.614" errors="0" tests="1" skipped="0" disabled="0" failures="0">
  <testcase classname="the bactch-list " name="should have a batch list table" time="0.257" />
 </testsuite>
</testsuites>